2017-04-03 20:56:40,479 [main] DEBUG [site.TT] - nimei
 2017-04-03 20:56:40,483 [main] DEBUG [site.TT] - woco
 2017-04-03 20:56:58,843 [main] DEBUG [site.TT] - nimei
 2017-04-04 20:21:41,658 [main] DEBUG [org.apache.http.client.protocol.RequestAddCookies] - CookieSpec selected: default
 2017-04-04 20:21:41,675 [main] DEBUG [org.apache.http.client.protocol.RequestAuthCache] - Auth cache not set in the context
 2017-04-04 20:21:41,677 [main] DEBUG [org.apache.http.impl.conn.PoolingHttpClientConnectionManager] - Connection request: [route: {}->http://localhost:8080][total kept alive: 0; route allocated: 0 of 2; total allocated: 0 of 20]
 2017-04-04 20:21:41,689 [main] DEBUG [org.apache.http.impl.conn.PoolingHttpClientConnectionManager] - Connection leased: [id: 0][route: {}->http://localhost:8080][total kept alive: 0; route allocated: 1 of 2; total allocated: 1 of 20]
 2017-04-04 20:21:41,690 [main] DEBUG [org.apache.http.impl.execchain.MainClientExec] - Opening connection {}->http://localhost:8080
 2017-04-04 20:21:41,699 [main] DEBUG [org.apache.http.impl.conn.DefaultHttpClientConnectionOperator] - Connecting to localhost/127.0.0.1:8080
 2017-04-04 20:21:41,702 [main] DEBUG [org.apache.http.impl.conn.DefaultHttpClientConnectionOperator] - Connection established 127.0.0.1:10071<->127.0.0.1:8080
 2017-04-04 20:21:41,702 [main] DEBUG [org.apache.http.impl.execchain.MainClientExec] - Executing request POST /site/hehe HTTP/1.1
 2017-04-04 20:21:41,702 [main] DEBUG [org.apache.http.impl.execchain.MainClientExec] - Target auth state: UNCHALLENGED
 2017-04-04 20:21:41,703 [main] DEBUG [org.apache.http.impl.execchain.MainClientExec] - Proxy auth state: UNCHALLENGED
 2017-04-04 20:21:41,705 [main] DEBUG [org.apache.http.headers] - http-outgoing-0 >> POST /site/hehe HTTP/1.1
 2017-04-04 20:21:41,705 [main] DEBUG [org.apache.http.headers] - http-outgoing-0 >> Content-Length: 0
 2017-04-04 20:21:41,705 [main] DEBUG [org.apache.http.headers] - http-outgoing-0 >> Host: localhost:8080
 2017-04-04 20:21:41,706 [main] DEBUG [org.apache.http.headers] - http-outgoing-0 >> Connection: Keep-Alive
 2017-04-04 20:21:41,706 [main] DEBUG [org.apache.http.headers] - http-outgoing-0 >> User-Agent: Apache-HttpClient/4.5.2 (Java/1.8.0_111)
 2017-04-04 20:21:41,706 [main] DEBUG [org.apache.http.headers] - http-outgoing-0 >> Accept-Encoding: gzip,deflate
 2017-04-04 20:21:41,707 [main] DEBUG [org.apache.http.wire] - http-outgoing-0 >> "POST /site/hehe HTTP/1.1[\r][\n]"
 2017-04-04 20:21:41,708 [main] DEBUG [org.apache.http.wire] - http-outgoing-0 >> "Content-Length: 0[\r][\n]"
 2017-04-04 20:21:41,708 [main] DEBUG [org.apache.http.wire] - http-outgoing-0 >> "Host: localhost:8080[\r][\n]"
 2017-04-04 20:21:41,708 [main] DEBUG [org.apache.http.wire] - http-outgoing-0 >> "Connection: Keep-Alive[\r][\n]"
 2017-04-04 20:21:41,708 [main] DEBUG [org.apache.http.wire] - http-outgoing-0 >> "User-Agent: Apache-HttpClient/4.5.2 (Java/1.8.0_111)[\r][\n]"
 2017-04-04 20:21:41,708 [main] DEBUG [org.apache.http.wire] - http-outgoing-0 >> "Accept-Encoding: gzip,deflate[\r][\n]"
 2017-04-04 20:21:41,708 [main] DEBUG [org.apache.http.wire] - http-outgoing-0 >> "[\r][\n]"
 2017-04-04 20:21:41,856 [main] DEBUG [org.apache.http.wire] - http-outgoing-0 << "HTTP/1.1 500 [\r][\n]"
 2017-04-04 20:21:41,857 [main] DEBUG [org.apache.http.wire] - http-outgoing-0 << "Content-Type: text/html;charset=utf-8[\r][\n]"
 2017-04-04 20:21:41,857 [main] DEBUG [org.apache.http.wire] - http-outgoing-0 << "Content-Language: en[\r][\n]"
 2017-04-04 20:21:41,857 [main] DEBUG [org.apache.http.wire] - http-outgoing-0 << "Content-Length: 3332[\r][\n]"
 2017-04-04 20:21:41,857 [main] DEBUG [org.apache.http.wire] - http-outgoing-0 << "Date: Tue, 04 Apr 2017 12:21:41 GMT[\r][\n]"
 2017-04-04 20:21:41,858 [main] DEBUG [org.apache.http.wire] - http-outgoing-0 << "Connection: close[\r][\n]"
 2017-04-04 20:21:41,858 [main] DEBUG [org.apache.http.wire] - http-outgoing-0 << "[\r][\n]"
 2017-04-04 20:21:41,858 [main] DEBUG [org.apache.http.wire] - http-outgoing-0 << "<!doctype html><html lang="en"><head><title>HTTP Status 500 [0xe2][0x80][0x93] Internal Server Error</title><style type="text/css">h1 {font-family:Tahoma,Arial,sans-serif;color:white;background-color:#525D76;font-size:22px;} h2 {font-family:Tahoma,Arial,sans-serif;color:white;background-color:#525D76;font-size:16px;} h3 {font-family:Tahoma,Arial,sans-serif;color:white;background-color:#525D76;font-size:14px;} body {font-family:Tahoma,Arial,sans-serif;color:black;background-color:white;} b {font-family:Tahoma,Arial,sans-serif;color:white;background-color:#525D76;} p {font-family:Tahoma,Arial,sans-serif;background:white;color:black;font-size:12px;} a {color:black;} a.name {color:black;} .line {height:1px;background-color:#525D76;border:none;}</style></head><body><h1>HTTP Status 500 [0xe2][0x80][0x93] Internal Server Error</h1><hr class="line" /><p><b>Type</b> Exception Report</p><p><b>Message</b> Request processing failed; nested exception is java.lang.NullPointerException</p><p><b>Description</b> The server encountered an unexpected condition that prevented it from fulfilling the request.</p><p><b>Exception</b></p><pre>org.springframework.web.util.NestedServletException: Request processing failed; nested exception is java.lang.NullPointerException[\r][\n]"
 2017-04-04 20:21:41,859 [main] DEBUG [org.apache.http.wire] - http-outgoing-0 << "[0x9]org.springframework.web.servlet.FrameworkServlet.processRequest(FrameworkServlet.java:982)[\r][\n]"
 2017-04-04 20:21:41,859 [main] DEBUG [org.apache.http.wire] - http-outgoing-0 << "[0x9]org.springframework.web.servlet.FrameworkServlet.doPost(FrameworkServlet.java:872)[\r][\n]"
 2017-04-04 20:21:41,859 [main] DEBUG [org.apache.http.wire] - http-outgoing-0 << "[0x9]javax.servlet.http.HttpServlet.service(HttpServlet.java:661)[\r][\n]"
 2017-04-04 20:21:41,859 [main] DEBUG [org.apache.http.wire] - http-outgoing-0 << "[0x9]org.springframework.web.servlet.FrameworkServlet.service(FrameworkServlet.java:846)[\r][\n]"
 2017-04-04 20:21:41,860 [main] DEBUG [org.apache.http.wire] - http-outgoing-0 << "[0x9]javax.servlet.http.HttpServlet.service(HttpServlet.java:742)[\r][\n]"
 2017-04-04 20:21:41,860 [main] DEBUG [org.apache.http.wire] - http-outgoing-0 << "[0x9]org.apache.tomcat.websocket.server.WsFilter.doFilter(WsFilter.java:53)[\r][\n]"
 2017-04-04 20:21:41,860 [main] DEBUG [org.apache.http.wire] - http-outgoing-0 << "</pre><p><b>Root Cause</b></p><pre>java.lang.NullPointerException[\r][\n]"
 2017-04-04 20:21:41,860 [main] DEBUG [org.apache.http.wire] - http-outgoing-0 << "[0x9]site.serviceImpl.JsonUtils.StreamToJsonString(JsonUtils.java:82)[\r][\n]"
 2017-04-04 20:21:41,860 [main] DEBUG [org.apache.http.wire] - http-outgoing-0 << "[0x9]site.controller.UserController.heh(UserController.java:48)[\r][\n]"
 2017-04-04 20:21:41,861 [main] DEBUG [org.apache.http.wire] - http-outgoing-0 << "[0x9]sun.reflect.NativeMethodAccessorImpl.invoke0(Native Method)[\r][\n]"
 2017-04-04 20:21:41,861 [main] DEBUG [org.apache.http.wire] - http-outgoing-0 << "[0x9]sun.reflect.NativeMethodAccessorImpl.invoke(Unknown Source)[\r][\n]"
 2017-04-04 20:21:41,862 [main] DEBUG [org.apache.http.wire] - http-outgoing-0 << "[0x9]sun.reflect.DelegatingMethodAccessorImpl.invoke(Unknown Source)[\r][\n]"
 2017-04-04 20:21:41,862 [main] DEBUG [org.apache.http.wire] - http-outgoing-0 << "[0x9]java.lang.reflect.Method.invoke(Unknown Source)[\r][\n]"
 2017-04-04 20:21:41,862 [main] DEBUG [org.apache.http.wire] - http-outgoing-0 << "[0x9]org.springframework.web.bind.annotation.support.HandlerMethodInvoker.invokeHandlerMethod(HandlerMethodInvoker.java:180)[\r][\n]"
 2017-04-04 20:21:41,863 [main] DEBUG [org.apache.http.wire] - http-outgoing-0 << "[0x9]org.springframework.web.servlet.mvc.annotation.AnnotationMethodHandlerAdapter.invokeHandlerMethod(AnnotationMethodHandlerAdapter.java:440)[\r][\n]"
 2017-04-04 20:21:41,863 [main] DEBUG [org.apache.http.wire] - http-outgoing-0 << "[0x9]org.springframework.web.servlet.mvc.annotation.AnnotationMethodHandlerAdapter.handle(AnnotationMethodHandlerAdapter.java:428)[\r][\n]"
 2017-04-04 20:21:41,863 [main] DEBUG [org.apache.http.wire] - http-outgoing-0 << "[0x9]org.springframework.web.servlet.DispatcherServlet.doDispatch(DispatcherServlet.java:963)[\r][\n]"
 2017-04-04 20:21:41,863 [main] DEBUG [org.apache.http.wire] - http-outgoing-0 << "[0x9]org.springframework.web.servlet.DispatcherServlet.doService(DispatcherServlet.java:897)[\r][\n]"
 2017-04-04 20:21:41,864 [main] DEBUG [org.apache.http.wire] - http-outgoing-0 << "[0x9]org.springframework.web.servlet.FrameworkServlet.processRequest(FrameworkServlet.java:970)[\r][\n]"
 2017-04-04 20:21:41,864 [main] DEBUG [org.apache.http.wire] - http-outgoing-0 << "[0x9]org.springframework.web.servlet.FrameworkServlet.doPost(FrameworkServlet.java:872)[\r][\n]"
 2017-04-04 20:21:41,866 [main] DEBUG [org.apache.http.wire] - http-outgoing-0 << "[0x9]javax.servlet.http.HttpServlet.service(HttpServlet.java:661)[\r][\n]"
 2017-04-04 20:21:41,867 [main] DEBUG [org.apache.http.wire] - http-outgoing-0 << "[0x9]org.springframework.web.servlet.FrameworkServlet.service(FrameworkServlet.java:846)[\r][\n]"
 2017-04-04 20:21:41,867 [main] DEBUG [org.apache.http.wire] - http-outgoing-0 << "[0x9]javax.servlet.http.HttpServlet.service(HttpServlet.java:742)[\r][\n]"
 2017-04-04 20:21:41,867 [main] DEBUG [org.apache.http.wire] - http-outgoing-0 << "[0x9]org.apache.tomcat.websocket.server.WsFilter.doFilter(WsFilter.java:53)[\r][\n]"
 2017-04-04 20:21:41,867 [main] DEBUG [org.apache.http.wire] - http-outgoing-0 << "</pre><p><b>Note</b> The full stack trace of the root cause is available in the server logs.</p><hr class="line" /><h3>Apache Tomcat/9.0.0.M19</h3></body></html>"
 2017-04-04 20:21:41,871 [main] DEBUG [org.apache.http.headers] - http-outgoing-0 << HTTP/1.1 500 
 2017-04-04 20:21:41,871 [main] DEBUG [org.apache.http.headers] - http-outgoing-0 << Content-Type: text/html;charset=utf-8
 2017-04-04 20:21:41,872 [main] DEBUG [org.apache.http.headers] - http-outgoing-0 << Content-Language: en
 2017-04-04 20:21:41,872 [main] DEBUG [org.apache.http.headers] - http-outgoing-0 << Content-Length: 3332
 2017-04-04 20:21:41,872 [main] DEBUG [org.apache.http.headers] - http-outgoing-0 << Date: Tue, 04 Apr 2017 12:21:41 GMT
 2017-04-04 20:21:41,872 [main] DEBUG [org.apache.http.headers] - http-outgoing-0 << Connection: close
 2017-04-04 20:21:41,877 [main] DEBUG [org.apache.http.impl.conn.PoolingHttpClientConnectionManager] - Connection manager is shutting down
 2017-04-04 20:21:41,878 [main] DEBUG [org.apache.http.impl.conn.DefaultManagedHttpClientConnection] - http-outgoing-0: Close connection
 2017-04-04 20:21:41,878 [main] DEBUG [org.apache.http.impl.conn.PoolingHttpClientConnectionManager] - Connection manager shut down
 2017-04-04 20:32:56,721 [main] DEBUG [org.apache.http.client.protocol.RequestAddCookies] - CookieSpec selected: default
 2017-04-04 20:32:56,742 [main] DEBUG [org.apache.http.client.protocol.RequestAuthCache] - Auth cache not set in the context
 2017-04-04 20:32:56,744 [main] DEBUG [org.apache.http.impl.conn.PoolingHttpClientConnectionManager] - Connection request: [route: {}->http://localhost:8080][total kept alive: 0; route allocated: 0 of 2; total allocated: 0 of 20]
 2017-04-04 20:32:56,760 [main] DEBUG [org.apache.http.impl.conn.PoolingHttpClientConnectionManager] - Connection leased: [id: 0][route: {}->http://localhost:8080][total kept alive: 0; route allocated: 1 of 2; total allocated: 1 of 20]
 2017-04-04 20:32:56,761 [main] DEBUG [org.apache.http.impl.execchain.MainClientExec] - Opening connection {}->http://localhost:8080
 2017-04-04 20:32:56,768 [main] DEBUG [org.apache.http.impl.conn.DefaultHttpClientConnectionOperator] - Connecting to localhost/127.0.0.1:8080
 2017-04-04 20:32:56,771 [main] DEBUG [org.apache.http.impl.conn.DefaultHttpClientConnectionOperator] - Connection established 127.0.0.1:10518<->127.0.0.1:8080
 2017-04-04 20:32:56,772 [main] DEBUG [org.apache.http.impl.execchain.MainClientExec] - Executing request POST /site/hehe HTTP/1.1
 2017-04-04 20:32:56,772 [main] DEBUG [org.apache.http.impl.execchain.MainClientExec] - Target auth state: UNCHALLENGED
 2017-04-04 20:32:56,773 [main] DEBUG [org.apache.http.impl.execchain.MainClientExec] - Proxy auth state: UNCHALLENGED
 2017-04-04 20:32:56,775 [main] DEBUG [org.apache.http.headers] - http-outgoing-0 >> POST /site/hehe HTTP/1.1
 2017-04-04 20:32:56,776 [main] DEBUG [org.apache.http.headers] - http-outgoing-0 >> Content-Length: 0
 2017-04-04 20:32:56,776 [main] DEBUG [org.apache.http.headers] - http-outgoing-0 >> Host: localhost:8080
 2017-04-04 20:32:56,776 [main] DEBUG [org.apache.http.headers] - http-outgoing-0 >> Connection: Keep-Alive
 2017-04-04 20:32:56,776 [main] DEBUG [org.apache.http.headers] - http-outgoing-0 >> User-Agent: Apache-HttpClient/4.5.2 (Java/1.8.0_111)
 2017-04-04 20:32:56,776 [main] DEBUG [org.apache.http.headers] - http-outgoing-0 >> Accept-Encoding: gzip,deflate
 2017-04-04 20:32:56,777 [main] DEBUG [org.apache.http.wire] - http-outgoing-0 >> "POST /site/hehe HTTP/1.1[\r][\n]"
 2017-04-04 20:32:56,778 [main] DEBUG [org.apache.http.wire] - http-outgoing-0 >> "Content-Length: 0[\r][\n]"
 2017-04-04 20:32:56,778 [main] DEBUG [org.apache.http.wire] - http-outgoing-0 >> "Host: localhost:8080[\r][\n]"
 2017-04-04 20:32:56,778 [main] DEBUG [org.apache.http.wire] - http-outgoing-0 >> "Connection: Keep-Alive[\r][\n]"
 2017-04-04 20:32:56,778 [main] DEBUG [org.apache.http.wire] - http-outgoing-0 >> "User-Agent: Apache-HttpClient/4.5.2 (Java/1.8.0_111)[\r][\n]"
 2017-04-04 20:32:56,778 [main] DEBUG [org.apache.http.wire] - http-outgoing-0 >> "Accept-Encoding: gzip,deflate[\r][\n]"
 2017-04-04 20:32:56,778 [main] DEBUG [org.apache.http.wire] - http-outgoing-0 >> "[\r][\n]"
 2017-04-04 20:32:56,885 [main] DEBUG [org.apache.http.wire] - http-outgoing-0 << "HTTP/1.1 202 [\r][\n]"
 2017-04-04 20:32:56,886 [main] DEBUG [org.apache.http.wire] - http-outgoing-0 << "Set-Cookie: JSESSIONID=CFB9274BBA5B3FB824F01715744BA7D0; Path=/site; HttpOnly[\r][\n]"
 2017-04-04 20:32:56,886 [main] DEBUG [org.apache.http.wire] - http-outgoing-0 << "Content-Type: text/html;charset=ISO-8859-1[\r][\n]"
 2017-04-04 20:32:56,886 [main] DEBUG [org.apache.http.wire] - http-outgoing-0 << "Content-Language: zh-CN[\r][\n]"
 2017-04-04 20:32:56,886 [main] DEBUG [org.apache.http.wire] - http-outgoing-0 << "Content-Length: 12[\r][\n]"
 2017-04-04 20:32:56,886 [main] DEBUG [org.apache.http.wire] - http-outgoing-0 << "Date: Tue, 04 Apr 2017 12:32:56 GMT[\r][\n]"
 2017-04-04 20:32:56,887 [main] DEBUG [org.apache.http.wire] - http-outgoing-0 << "[\r][\n]"
 2017-04-04 20:32:56,887 [main] DEBUG [org.apache.http.wire] - http-outgoing-0 << "[\r][\n]"
 2017-04-04 20:32:56,887 [main] DEBUG [org.apache.http.wire] - http-outgoing-0 << "[\r][\n]"
 2017-04-04 20:32:56,887 [main] DEBUG [org.apache.http.wire] - http-outgoing-0 << "[\r][\n]"
 2017-04-04 20:32:56,887 [main] DEBUG [org.apache.http.wire] - http-outgoing-0 << "[\r][\n]"
 2017-04-04 20:32:56,887 [main] DEBUG [org.apache.http.wire] - http-outgoing-0 << "[\r][\n]"
 2017-04-04 20:32:56,888 [main] DEBUG [org.apache.http.wire] - http-outgoing-0 << "[\r][\n]"
 2017-04-04 20:32:56,889 [main] DEBUG [org.apache.http.headers] - http-outgoing-0 << HTTP/1.1 202 
 2017-04-04 20:32:56,889 [main] DEBUG [org.apache.http.headers] - http-outgoing-0 << Set-Cookie: JSESSIONID=CFB9274BBA5B3FB824F01715744BA7D0; Path=/site; HttpOnly
 2017-04-04 20:32:56,889 [main] DEBUG [org.apache.http.headers] - http-outgoing-0 << Content-Type: text/html;charset=ISO-8859-1
 2017-04-04 20:32:56,889 [main] DEBUG [org.apache.http.headers] - http-outgoing-0 << Content-Language: zh-CN
 2017-04-04 20:32:56,889 [main] DEBUG [org.apache.http.headers] - http-outgoing-0 << Content-Length: 12
 2017-04-04 20:32:56,889 [main] DEBUG [org.apache.http.headers] - http-outgoing-0 << Date: Tue, 04 Apr 2017 12:32:56 GMT
 2017-04-04 20:32:56,899 [main] DEBUG [org.apache.http.impl.execchain.MainClientExec] - Connection can be kept alive indefinitely
 2017-04-04 20:32:56,909 [main] DEBUG [org.apache.http.client.protocol.ResponseProcessCookies] - Cookie accepted [JSESSIONID="CFB9274BBA5B3FB824F01715744BA7D0", version:0, domain:localhost, path:/site, expiry:null]
 2017-04-04 20:32:56,909 [main] DEBUG [org.apache.http.impl.conn.PoolingHttpClientConnectionManager] - Connection manager is shutting down
 2017-04-04 20:32:56,909 [main] DEBUG [org.apache.http.impl.conn.DefaultManagedHttpClientConnection] - http-outgoing-0: Close connection
 2017-04-04 20:32:56,909 [main] DEBUG [org.apache.http.impl.conn.PoolingHttpClientConnectionManager] - Connection manager shut down
 